<?xml version="1.0" encoding="UTF-8" ?>
<testsuite failures="0" time="0.188" errors="0" skipped="0" tests="18" name="net.bbenarbia.common.DateUtilTest">
  <properties>
[...]
</properties>
  <testcase time="0.073" classname="net.bbenarbia.common.DateUtilTest" name="testAreEqualsWithEquality"/>
  <testcase time="0" classname="net.bbenarbia.common.DateUtilTest" name="testAreEqualsWithFirstDateLowerThanSecond"/>
  <testcase time="0" classname="net.bbenarbia.common.DateUtilTest" name="testAreEqualsWithSecondDateLowerThanFirst"/>
  <testcase time="0.001" classname="net.bbenarbia.common.DateUtilTest" name="testGetDateWithoutTime"/>
  <testcase time="0.012" classname="net.bbenarbia.common.DateUtilTest" name="equalityWithSameDateTime"/>
  <testcase time="0.001" classname="net.bbenarbia.common.DateUtilTest" name="equalityWithDifferentTime"/>
  <testcase time="0" classname="net.bbenarbia.common.DateUtilTest" name="equalityWithDifferentDate"/>
  <testcase time="0.001" classname="net.bbenarbia.common.DateUtilTest" name="equalityWithNullParameters"/>
  <testcase time="0.011" classname="net.bbenarbia.common.DateUtilTest" name="diffBetweenSameDateTime"/>
  <testcase time="0" classname="net.bbenarbia.common.DateUtilTest" name="diffBetweenSameDate"/>
  <testcase time="0" classname="net.bbenarbia.common.DateUtilTest" name="diffBetweenTodayAndTomorrow"/>
  <testcase time="0" classname="net.bbenarbia.common.DateUtilTest" name="diffBetweenTomorrowAndToday"/>
  <testcase time="0" classname="net.bbenarbia.common.DateUtilTest" name="diffBetweenTodayAndTomorrowMinusOneSecond"/>
  <testcase time="0" classname="net.bbenarbia.common.DateUtilTest" name="diffAtMidnight"/>
  <testcase time="0" classname="net.bbenarbia.common.DateUtilTest" name="diffForNewYear"/>
  <testcase time="0.026" classname="net.bbenarbia.common.DateUtilTest" name="getNextMonday"/>
  <testcase time="0.04" classname="net.bbenarbia.common.DateUtilTest" name="conversions"/>
  <testcase time="0" classname="net.bbenarbia.common.DateUtilTest" name="conversionFromNull"/>
</testsuite>